*********************************************************************
* LD Score Regression (LDSC)
* Version 1.0.1
* (C) 2014-2019 Brendan Bulik-Sullivan and Hilary Finucane
* Broad Institute of MIT and Harvard / MIT Department of Mathematics
* GNU General Public License v3
*********************************************************************
Call: 
./ldsc.py \
--h2 /Users/tanvibansal/Documents/GitHub/Capstone/unified_pipeline_results/reference_files/GWAS_SumStats.sumstats.gz \
--ref-ld-chr /Users/tanvibansal/Documents/GitHub/Capstone/unified_pipeline_results/c4.0_t/SNP_annot2_ \
--out /Users/tanvibansal/Documents/GitHub/Capstone/unified_pipeline_results/c4.0_t/SNP_annot2__heritability \
--overlap-annot  \
--frqfile-chr /Users/tanvibansal/Documents/GitHub/Capstone/unified_pipeline_results/reference_files/frq_files/WB. \
--w-ld-chr /Users/tanvibansal/Documents/GitHub/Capstone/unified_pipeline_results/reference_files/weights_hm3_no_hla/weights. \
--print-coefficients  

Beginning analysis at Tue Dec 10 17:41:37 2024
Reading summary statistics from /Users/tanvibansal/Documents/GitHub/Capstone/unified_pipeline_results/reference_files/GWAS_SumStats.sumstats.gz ...
Read summary statistics for 1085137 SNPs.
Reading reference panel LD Score from /Users/tanvibansal/Documents/GitHub/Capstone/unified_pipeline_results/c4.0_t/SNP_annot2_[1-22] ... (ldscore_fromlist)
Read reference panel LD Scores for 1179709 SNPs.
Removing partitioned LD Scores with zero variance.
Reading regression weight LD Score from /Users/tanvibansal/Documents/GitHub/Capstone/unified_pipeline_results/reference_files/weights_hm3_no_hla/weights.[1-22] ... (ldscore_fromlist)
Read regression weight LD Scores for 1242169 SNPs.
After merging with reference panel LD, 1071008 SNPs remain.
After merging with regression SNP LD, 1035871 SNPs remain.
Removed 458 SNPs with chi^2 > 360.388 (1035413 SNPs remain)
Total Observed scale h2: 0.4426 (0.0204)
Categories: gene1_dist1L2_0 gene1_dist2L2_0 gene1_dist3L2_0 gene2_dist1L2_0 gene2_dist2L2_0 gene2_dist3L2_0 gene3_dist1L2_0 gene3_dist2L2_0 gene3_dist3L2_0 densityL2_0
Lambda GC: 2.5046
Mean Chi^2: 4.5209
Intercept: 1.4035 (0.0495)
Ratio: 0.1146 (0.0141)
Reading annot matrix from /Users/tanvibansal/Documents/GitHub/Capstone/unified_pipeline_results/c4.0_t/SNP_annot2_[1-22] ... (annot)
Results printed to /Users/tanvibansal/Documents/GitHub/Capstone/unified_pipeline_results/c4.0_t/SNP_annot2__heritability.results
Analysis finished at Tue Dec 10 17:41:50 2024
Total time elapsed: 12.9s
