*********************************************************************
* LD Score Regression (LDSC)
* Version 1.0.1
* (C) 2014-2019 Brendan Bulik-Sullivan and Hilary Finucane
* Broad Institute of MIT and Harvard / MIT Department of Mathematics
* GNU General Public License v3
*********************************************************************
Call: 
./ldsc.py \
--h2 /Users/tanvibansal/Documents/GitHub/Capstone/unified_pipeline_results/reference_files/GWAS_SumStats.sumstats.gz \
--ref-ld-chr /Users/tanvibansal/Documents/GitHub/Capstone/unified_pipeline_results/c1.0_annotations_ldscores_heritability/s_het_w_chr \
--out /Users/tanvibansal/Documents/GitHub/Capstone/unified_pipeline_results/c1.0_annotations_ldscores_heritability/s_het_w_chr_heritability \
--overlap-annot  \
--frqfile-chr /Users/tanvibansal/Documents/GitHub/Capstone/unified_pipeline_results/reference_files/frq_files/WB. \
--w-ld-chr /Users/tanvibansal/Documents/GitHub/Capstone/unified_pipeline_results/reference_files/weights_hm3_no_hla/weights. 

Beginning analysis at Fri Nov 22 16:30:42 2024
Reading summary statistics from /Users/tanvibansal/Documents/GitHub/Capstone/unified_pipeline_results/reference_files/GWAS_SumStats.sumstats.gz ...
Read summary statistics for 1085137 SNPs.
Reading reference panel LD Score from /Users/tanvibansal/Documents/GitHub/Capstone/unified_pipeline_results/c1.0_annotations_ldscores_heritability/s_het_w_chr[1-22] ... (ldscore_fromlist)
Read reference panel LD Scores for 1179709 SNPs.
Removing partitioned LD Scores with zero variance.
Reading regression weight LD Score from /Users/tanvibansal/Documents/GitHub/Capstone/unified_pipeline_results/reference_files/weights_hm3_no_hla/weights.[1-22] ... (ldscore_fromlist)
Read regression weight LD Scores for 1242169 SNPs.
After merging with reference panel LD, 1071008 SNPs remain.
After merging with regression SNP LD, 1035871 SNPs remain.
Removed 458 SNPs with chi^2 > 360.388 (1035413 SNPs remain)
Total Observed scale h2: 0.2174 (0.0194)
Categories: s_het_w.f1L2_0 s_het_w.f2L2_0 s_het_w.f3L2_0 s_het_w.f4L2_0 s_het_w.f5L2_0
Lambda GC: 2.5046
Mean Chi^2: 4.5209
Intercept: 2.4204 (0.0793)
Ratio: 0.4034 (0.0225)
Reading annot matrix from /Users/tanvibansal/Documents/GitHub/Capstone/unified_pipeline_results/c1.0_annotations_ldscores_heritability/s_het_w_chr[1-22] ... (annot)
Results printed to /Users/tanvibansal/Documents/GitHub/Capstone/unified_pipeline_results/c1.0_annotations_ldscores_heritability/s_het_w_chr_heritability.results
Analysis finished at Fri Nov 22 16:30:53 2024
Total time elapsed: 10.76s
